<?xml version="1.0" encoding="UTF-8"?>
<robot generator="Robot 4.1 (Python 3.9.7 on darwin)" generated="20210908 11:12:48.923" rpa="false" schemaversion="2">
<suite id="s1" name="Amazon" source="/Users/martinsadeyeye/PycharmProjects/RobotFWTutorial/Tests/Amazon/FunctionalTestSuite/amazon.robot">
<test id="s1-t1" name="Should be able to serach for product">
<kw name="Open Browser" library="SeleniumLibrary">
<arg>${URL}</arg>
<arg>${BROSWER}</arg>
<doc>Opens a new browser instance to the optional ``url``.</doc>
<msg timestamp="20210908 11:12:49.008" level="INFO">Opening browser 'chrome' to base url 'http://www.amazon.com'.</msg>
<status status="PASS" starttime="20210908 11:12:49.008" endtime="20210908 11:12:58.458"/>
</kw>
<kw name="Sleep" library="BuiltIn">
<arg>3s</arg>
<doc>Pauses the test executed for the given time.</doc>
<msg timestamp="20210908 11:13:01.460" level="INFO">Slept 3 seconds</msg>
<status status="PASS" starttime="20210908 11:12:58.458" endtime="20210908 11:13:01.460"/>
</kw>
<kw name="Input Text" library="SeleniumLibrary">
<arg>id=twotabsearchtextbox</arg>
<arg>Ferrari 458</arg>
<doc>Types the given ``text`` into the text field identified by ``locator``.</doc>
<msg timestamp="20210908 11:13:01.462" level="INFO">Typing text 'Ferrari 458' into text field 'id=twotabsearchtextbox'.</msg>
<status status="PASS" starttime="20210908 11:13:01.461" endtime="20210908 11:13:01.592"/>
</kw>
<kw name="Sleep" library="BuiltIn">
<arg>3s</arg>
<doc>Pauses the test executed for the given time.</doc>
<msg timestamp="20210908 11:13:04.594" level="INFO">Slept 3 seconds</msg>
<status status="PASS" starttime="20210908 11:13:01.592" endtime="20210908 11:13:04.594"/>
</kw>
<kw name="Click Button" library="SeleniumLibrary">
<arg>css=#nav-search-submit-button</arg>
<doc>Clicks the button identified by ``locator``.</doc>
<msg timestamp="20210908 11:13:04.596" level="INFO">Clicking button 'css=#nav-search-submit-button'.</msg>
<status status="PASS" starttime="20210908 11:13:04.595" endtime="20210908 11:13:08.752"/>
</kw>
<kw name="Sleep" library="BuiltIn">
<arg>3s</arg>
<doc>Pauses the test executed for the given time.</doc>
<msg timestamp="20210908 11:13:11.754" level="INFO">Slept 3 seconds</msg>
<status status="PASS" starttime="20210908 11:13:08.752" endtime="20210908 11:13:11.754"/>
</kw>
<kw name="Close Browser" library="SeleniumLibrary">
<doc>Closes the current browser.</doc>
<status status="PASS" starttime="20210908 11:13:11.755" endtime="20210908 11:13:11.848"/>
</kw>
<status status="PASS" starttime="20210908 11:12:49.008" endtime="20210908 11:13:11.848"/>
</test>
<status status="PASS" starttime="20210908 11:12:48.924" endtime="20210908 11:13:11.849"/>
</suite>
<statistics>
<total>
<stat pass="1" fail="0" skip="0">All Tests</stat>
</total>
<tag>
</tag>
<suite>
<stat pass="1" fail="0" skip="0" id="s1" name="Amazon">Amazon</stat>
</suite>
</statistics>
<errors>
</errors>
</robot>
